<?xml version="1.0" encoding="UTF-8"?>
<!-- Generated by org.testng.reporters.JUnitReportReporter -->
<testsuite hostname="LAPTOP-FB3KIHS5" failures="0" tests="2" name="Academy.E2Eflow.homepage" time="8.985" errors="0" timestamp="08 Feb 2022 09:30:31 GMT" skipped="0">
  <testcase classname="Academy.E2Eflow.homepage" name="test1" time="5.803"/>
  <testcase classname="Academy.E2Eflow.homepage" name="test1" time="3.182"/>
</testsuite> <!-- Academy.E2Eflow.homepage -->
