<?xml version="1.0" encoding="UTF-8"?>
<!-- Generated by org.testng.reporters.JUnitReportReporter -->
<testsuite skipped="0" hostname="LAPTOP-FB3KIHS5" name="Academy.E2Eflow.Validatingtitle" tests="1" failures="0" timestamp="08 Feb 2022 15:06:50 GMT" time="6.318" errors="0">
  <testcase name="test2" time="6.318" classname="Academy.E2Eflow.Validatingtitle"/>
</testsuite> <!-- Academy.E2Eflow.Validatingtitle -->
