<?xml version="1.0" encoding="UTF-8"?>
<!-- Generated by org.testng.reporters.JUnitReportReporter -->
<testsuite skipped="0" hostname="LAPTOP-FB3KIHS5" name="Academy.E2Eflow.homepage" tests="2" failures="0" timestamp="08 Feb 2022 15:06:50 GMT" time="8.405" errors="0">
  <testcase name="test1" time="5.813" classname="Academy.E2Eflow.homepage"/>
  <testcase name="test1" time="2.592" classname="Academy.E2Eflow.homepage"/>
</testsuite> <!-- Academy.E2Eflow.homepage -->
